2018-07-28 00:48:34,906 - INFO: running components
2018-07-28 00:48:34,906 - INFO: running fb
2018-07-28 00:48:34,907 - INFO: logging in
2018-07-28 00:48:49,763 - INFO: running components
2018-07-28 00:48:49,763 - INFO: running fb
2018-07-28 00:48:49,763 - INFO: logging in
2018-07-28 00:52:45,321 - INFO: running components
2018-07-28 00:52:45,321 - INFO: running fb
2018-07-28 00:52:45,322 - INFO: logging in
2018-07-28 00:53:12,317 - INFO: running components
2018-07-28 00:53:12,318 - INFO: running fb
2018-07-28 00:53:12,319 - INFO: logging in
2018-07-28 00:53:51,076 - INFO: running components
2018-07-28 00:53:51,077 - INFO: running fb
2018-07-28 00:53:51,078 - INFO: logging in
2018-07-28 00:55:00,732 - INFO: running components
2018-07-28 00:55:00,732 - INFO: running fb
2018-07-28 00:55:00,733 - INFO: logging in
2018-07-28 00:56:34,060 - INFO: running components
2018-07-28 00:56:34,060 - INFO: running fb
2018-07-28 00:56:34,061 - INFO: logging in
2018-07-28 00:56:57,088 - SUCCESS: login success
2018-07-28 00:56:57,090 - INFO: reacting feed for a max of 50 reacts
2018-07-28 00:57:00,560 - SUCCESS: 1 reacts
2018-07-28 00:57:06,255 - SUCCESS: 2 reacts
2018-07-28 00:57:14,475 - SUCCESS: 3 reacts
2018-07-28 00:57:19,941 - SUCCESS: 4 reacts
2018-07-28 00:57:25,626 - SUCCESS: 5 reacts
2018-07-28 00:57:30,790 - SUCCESS: 6 reacts
2018-07-28 00:57:36,131 - SUCCESS: 7 reacts
2018-07-28 00:57:42,052 - SUCCESS: 8 reacts
2018-07-28 00:57:46,852 - SUCCESS: 9 reacts
2018-07-28 00:57:51,826 - SUCCESS: 10 reacts
2018-07-28 00:57:57,140 - SUCCESS: 11 reacts
2018-07-28 00:58:02,803 - SUCCESS: 12 reacts
2018-07-28 00:58:08,464 - SUCCESS: 13 reacts
2018-07-28 00:58:14,392 - SUCCESS: 14 reacts
2018-07-28 00:58:19,900 - SUCCESS: 15 reacts
2018-07-28 00:58:26,620 - SUCCESS: 16 reacts
2018-07-28 00:58:32,670 - SUCCESS: 17 reacts
2018-07-28 00:58:40,372 - SUCCESS: 18 reacts
2018-07-28 00:58:47,486 - SUCCESS: 19 reacts
2018-07-28 00:58:52,619 - SUCCESS: 20 reacts
